2023-09-15T11:23:25+00:00 CRITICAL Uncaught ArgumentCountError: 11 arguments are required, 1 given in C:\wamp64\www\parisucré\wordpress\wp-content\plugins\astra-sites\inc\classes\class-astra-sites.php:2691
Stack trace:
#0 C:\wamp64\www\parisucré\wordpress\wp-content\plugins\astra-sites\inc\classes\class-astra-sites.php(2691): sprintf('<div class="not...')
#1 C:\wamp64\www\parisucré\wordpress\wp-includes\class-wp-hook.php(310): Astra_Sites->admin_welcome_notices('')
#2 C:\wamp64\www\parisucré\wordpress\wp-includes\class-wp-hook.php(334): WP_Hook->apply_filters(NULL, Array)
#3 C:\wamp64\www\parisucré\wordpress\wp-includes\plugin.php(517): WP_Hook->do_action(Array)
#4 C:\wamp64\www\parisucré\wordpress\wp-admin\admin-header.php(303): do_action('admin_notices')
#5 C:\wamp64\www\parisucré\wordpress\wp-admin\index.php(137): require_once('C:\\wamp64\\www\\p...')
#6 {main}
  thrown dans C:\wamp64\www\parisucré\wordpress\wp-content\plugins\astra-sites\inc\classes\class-astra-sites.php à la ligne 2691

2023-09-15T11:28:55+00:00 CRITICAL Uncaught ArgumentCountError: 11 arguments are required, 1 given in C:\wamp64\www\parisucré\wordpress\wp-content\plugins\astra-sites\inc\classes\class-astra-sites.php:2691
Stack trace:
#0 C:\wamp64\www\parisucré\wordpress\wp-content\plugins\astra-sites\inc\classes\class-astra-sites.php(2691): sprintf('<div class="not...')
#1 C:\wamp64\www\parisucré\wordpress\wp-includes\class-wp-hook.php(310): Astra_Sites->admin_welcome_notices('')
#2 C:\wamp64\www\parisucré\wordpress\wp-includes\class-wp-hook.php(334): WP_Hook->apply_filters(NULL, Array)
#3 C:\wamp64\www\parisucré\wordpress\wp-includes\plugin.php(517): WP_Hook->do_action(Array)
#4 C:\wamp64\www\parisucré\wordpress\wp-admin\admin-header.php(303): do_action('admin_notices')
#5 C:\wamp64\www\parisucré\wordpress\wp-admin\index.php(137): require_once('C:\\wamp64\\www\\p...')
#6 {main}
  thrown dans C:\wamp64\www\parisucré\wordpress\wp-content\plugins\astra-sites\inc\classes\class-astra-sites.php à la ligne 2691

2023-09-15T11:28:56+00:00 CRITICAL Uncaught ArgumentCountError: 11 arguments are required, 1 given in C:\wamp64\www\parisucré\wordpress\wp-content\plugins\astra-sites\inc\classes\class-astra-sites.php:2691
Stack trace:
#0 C:\wamp64\www\parisucré\wordpress\wp-content\plugins\astra-sites\inc\classes\class-astra-sites.php(2691): sprintf('<div class="not...')
#1 C:\wamp64\www\parisucré\wordpress\wp-includes\class-wp-hook.php(310): Astra_Sites->admin_welcome_notices('')
#2 C:\wamp64\www\parisucré\wordpress\wp-includes\class-wp-hook.php(334): WP_Hook->apply_filters(NULL, Array)
#3 C:\wamp64\www\parisucré\wordpress\wp-includes\plugin.php(517): WP_Hook->do_action(Array)
#4 C:\wamp64\www\parisucré\wordpress\wp-admin\admin-header.php(303): do_action('admin_notices')
#5 C:\wamp64\www\parisucré\wordpress\wp-admin\index.php(137): require_once('C:\\wamp64\\www\\p...')
#6 {main}
  thrown dans C:\wamp64\www\parisucré\wordpress\wp-content\plugins\astra-sites\inc\classes\class-astra-sites.php à la ligne 2691

2023-09-15T11:29:50+00:00 CRITICAL Uncaught ArgumentCountError: 11 arguments are required, 1 given in C:\wamp64\www\parisucré\wordpress\wp-content\plugins\astra-sites\inc\classes\class-astra-sites.php:2691
Stack trace:
#0 C:\wamp64\www\parisucré\wordpress\wp-content\plugins\astra-sites\inc\classes\class-astra-sites.php(2691): sprintf('<div class="not...')
#1 C:\wamp64\www\parisucré\wordpress\wp-includes\class-wp-hook.php(310): Astra_Sites->admin_welcome_notices('')
#2 C:\wamp64\www\parisucré\wordpress\wp-includes\class-wp-hook.php(334): WP_Hook->apply_filters(NULL, Array)
#3 C:\wamp64\www\parisucré\wordpress\wp-includes\plugin.php(517): WP_Hook->do_action(Array)
#4 C:\wamp64\www\parisucré\wordpress\wp-admin\admin-header.php(303): do_action('admin_notices')
#5 C:\wamp64\www\parisucré\wordpress\wp-admin\index.php(137): require_once('C:\\wamp64\\www\\p...')
#6 {main}
  thrown dans C:\wamp64\www\parisucré\wordpress\wp-content\plugins\astra-sites\inc\classes\class-astra-sites.php à la ligne 2691

2023-09-15T11:53:11+00:00 CRITICAL Uncaught ArgumentCountError: 11 arguments are required, 1 given in C:\wamp64\www\parisucré\wordpress\wp-content\plugins\astra-sites\inc\classes\class-astra-sites.php:2691
Stack trace:
#0 C:\wamp64\www\parisucré\wordpress\wp-content\plugins\astra-sites\inc\classes\class-astra-sites.php(2691): sprintf('<div class="not...')
#1 C:\wamp64\www\parisucré\wordpress\wp-includes\class-wp-hook.php(310): Astra_Sites->admin_welcome_notices('')
#2 C:\wamp64\www\parisucré\wordpress\wp-includes\class-wp-hook.php(334): WP_Hook->apply_filters(NULL, Array)
#3 C:\wamp64\www\parisucré\wordpress\wp-includes\plugin.php(517): WP_Hook->do_action(Array)
#4 C:\wamp64\www\parisucré\wordpress\wp-admin\admin-header.php(303): do_action('admin_notices')
#5 C:\wamp64\www\parisucré\wordpress\wp-admin\index.php(137): require_once('C:\\wamp64\\www\\p...')
#6 {main}
  thrown dans C:\wamp64\www\parisucré\wordpress\wp-content\plugins\astra-sites\inc\classes\class-astra-sites.php à la ligne 2691

2023-09-15T13:01:43+00:00 CRITICAL Uncaught ArgumentCountError: 11 arguments are required, 1 given in C:\wamp64\www\parisucré\wordpress\wp-content\plugins\astra-sites\inc\classes\class-astra-sites.php:2691
Stack trace:
#0 C:\wamp64\www\parisucré\wordpress\wp-content\plugins\astra-sites\inc\classes\class-astra-sites.php(2691): sprintf('<div class="not...')
#1 C:\wamp64\www\parisucré\wordpress\wp-includes\class-wp-hook.php(310): Astra_Sites->admin_welcome_notices('')
#2 C:\wamp64\www\parisucré\wordpress\wp-includes\class-wp-hook.php(334): WP_Hook->apply_filters(NULL, Array)
#3 C:\wamp64\www\parisucré\wordpress\wp-includes\plugin.php(517): WP_Hook->do_action(Array)
#4 C:\wamp64\www\parisucré\wordpress\wp-admin\admin-header.php(303): do_action('admin_notices')
#5 C:\wamp64\www\parisucré\wordpress\wp-admin\index.php(137): require_once('C:\\wamp64\\www\\p...')
#6 {main}
  thrown dans C:\wamp64\www\parisucré\wordpress\wp-content\plugins\astra-sites\inc\classes\class-astra-sites.php à la ligne 2691

2023-09-15T14:44:57+00:00 CRITICAL Uncaught ArgumentCountError: 11 arguments are required, 1 given in C:\wamp64\www\parisucré\wordpress\wp-content\plugins\astra-sites\inc\classes\class-astra-sites.php:2691
Stack trace:
#0 C:\wamp64\www\parisucré\wordpress\wp-content\plugins\astra-sites\inc\classes\class-astra-sites.php(2691): sprintf('<div class="not...')
#1 C:\wamp64\www\parisucré\wordpress\wp-includes\class-wp-hook.php(310): Astra_Sites->admin_welcome_notices('')
#2 C:\wamp64\www\parisucré\wordpress\wp-includes\class-wp-hook.php(334): WP_Hook->apply_filters(NULL, Array)
#3 C:\wamp64\www\parisucré\wordpress\wp-includes\plugin.php(517): WP_Hook->do_action(Array)
#4 C:\wamp64\www\parisucré\wordpress\wp-admin\admin-header.php(303): do_action('admin_notices')
#5 C:\wamp64\www\parisucré\wordpress\wp-admin\index.php(137): require_once('C:\\wamp64\\www\\p...')
#6 {main}
  thrown dans C:\wamp64\www\parisucré\wordpress\wp-content\plugins\astra-sites\inc\classes\class-astra-sites.php à la ligne 2691

2023-09-15T15:05:55+00:00 CRITICAL Uncaught ArgumentCountError: 11 arguments are required, 1 given in C:\wamp64\www\parisucré\wordpress\wp-content\plugins\astra-sites\inc\classes\class-astra-sites.php:2691
Stack trace:
#0 C:\wamp64\www\parisucré\wordpress\wp-content\plugins\astra-sites\inc\classes\class-astra-sites.php(2691): sprintf('<div class="not...')
#1 C:\wamp64\www\parisucré\wordpress\wp-includes\class-wp-hook.php(310): Astra_Sites->admin_welcome_notices('')
#2 C:\wamp64\www\parisucré\wordpress\wp-includes\class-wp-hook.php(334): WP_Hook->apply_filters(NULL, Array)
#3 C:\wamp64\www\parisucré\wordpress\wp-includes\plugin.php(517): WP_Hook->do_action(Array)
#4 C:\wamp64\www\parisucré\wordpress\wp-admin\admin-header.php(303): do_action('admin_notices')
#5 C:\wamp64\www\parisucré\wordpress\wp-admin\index.php(137): require_once('C:\\wamp64\\www\\p...')
#6 {main}
  thrown dans C:\wamp64\www\parisucré\wordpress\wp-content\plugins\astra-sites\inc\classes\class-astra-sites.php à la ligne 2691

2023-09-15T15:14:13+00:00 CRITICAL Uncaught ArgumentCountError: 11 arguments are required, 1 given in C:\wamp64\www\parisucré\wordpress\wp-content\plugins\astra-sites\inc\classes\class-astra-sites.php:2691
Stack trace:
#0 C:\wamp64\www\parisucré\wordpress\wp-content\plugins\astra-sites\inc\classes\class-astra-sites.php(2691): sprintf('<div class="not...')
#1 C:\wamp64\www\parisucré\wordpress\wp-includes\class-wp-hook.php(310): Astra_Sites->admin_welcome_notices('')
#2 C:\wamp64\www\parisucré\wordpress\wp-includes\class-wp-hook.php(334): WP_Hook->apply_filters(NULL, Array)
#3 C:\wamp64\www\parisucré\wordpress\wp-includes\plugin.php(517): WP_Hook->do_action(Array)
#4 C:\wamp64\www\parisucré\wordpress\wp-admin\admin-header.php(303): do_action('admin_notices')
#5 C:\wamp64\www\parisucré\wordpress\wp-admin\index.php(137): require_once('C:\\wamp64\\www\\p...')
#6 {main}
  thrown dans C:\wamp64\www\parisucré\wordpress\wp-content\plugins\astra-sites\inc\classes\class-astra-sites.php à la ligne 2691

2023-09-15T15:23:20+00:00 CRITICAL Uncaught ArgumentCountError: 11 arguments are required, 1 given in C:\wamp64\www\parisucré\wordpress\wp-content\plugins\astra-sites\inc\classes\class-astra-sites.php:2691
Stack trace:
#0 C:\wamp64\www\parisucré\wordpress\wp-content\plugins\astra-sites\inc\classes\class-astra-sites.php(2691): sprintf('<div class="not...')
#1 C:\wamp64\www\parisucré\wordpress\wp-includes\class-wp-hook.php(310): Astra_Sites->admin_welcome_notices('')
#2 C:\wamp64\www\parisucré\wordpress\wp-includes\class-wp-hook.php(334): WP_Hook->apply_filters(NULL, Array)
#3 C:\wamp64\www\parisucré\wordpress\wp-includes\plugin.php(517): WP_Hook->do_action(Array)
#4 C:\wamp64\www\parisucré\wordpress\wp-admin\admin-header.php(303): do_action('admin_notices')
#5 C:\wamp64\www\parisucré\wordpress\wp-admin\index.php(137): require_once('C:\\wamp64\\www\\p...')
#6 {main}
  thrown dans C:\wamp64\www\parisucré\wordpress\wp-content\plugins\astra-sites\inc\classes\class-astra-sites.php à la ligne 2691

2023-09-15T15:41:50+00:00 CRITICAL Uncaught ArgumentCountError: 11 arguments are required, 1 given in C:\wamp64\www\parisucré\wordpress\wp-content\plugins\astra-sites\inc\classes\class-astra-sites.php:2691
Stack trace:
#0 C:\wamp64\www\parisucré\wordpress\wp-content\plugins\astra-sites\inc\classes\class-astra-sites.php(2691): sprintf('<div class="not...')
#1 C:\wamp64\www\parisucré\wordpress\wp-includes\class-wp-hook.php(310): Astra_Sites->admin_welcome_notices('')
#2 C:\wamp64\www\parisucré\wordpress\wp-includes\class-wp-hook.php(334): WP_Hook->apply_filters(NULL, Array)
#3 C:\wamp64\www\parisucré\wordpress\wp-includes\plugin.php(517): WP_Hook->do_action(Array)
#4 C:\wamp64\www\parisucré\wordpress\wp-admin\admin-header.php(303): do_action('admin_notices')
#5 C:\wamp64\www\parisucré\wordpress\wp-admin\index.php(137): require_once('C:\\wamp64\\www\\p...')
#6 {main}
  thrown dans C:\wamp64\www\parisucré\wordpress\wp-content\plugins\astra-sites\inc\classes\class-astra-sites.php à la ligne 2691

2023-09-15T15:46:02+00:00 CRITICAL Uncaught ArgumentCountError: 11 arguments are required, 1 given in C:\wamp64\www\parisucré\wordpress\wp-content\plugins\astra-sites\inc\classes\class-astra-sites.php:2691
Stack trace:
#0 C:\wamp64\www\parisucré\wordpress\wp-content\plugins\astra-sites\inc\classes\class-astra-sites.php(2691): sprintf('<div class="not...')
#1 C:\wamp64\www\parisucré\wordpress\wp-includes\class-wp-hook.php(310): Astra_Sites->admin_welcome_notices('')
#2 C:\wamp64\www\parisucré\wordpress\wp-includes\class-wp-hook.php(334): WP_Hook->apply_filters(NULL, Array)
#3 C:\wamp64\www\parisucré\wordpress\wp-includes\plugin.php(517): WP_Hook->do_action(Array)
#4 C:\wamp64\www\parisucré\wordpress\wp-admin\admin-header.php(303): do_action('admin_notices')
#5 C:\wamp64\www\parisucré\wordpress\wp-admin\index.php(137): require_once('C:\\wamp64\\www\\p...')
#6 {main}
  thrown dans C:\wamp64\www\parisucré\wordpress\wp-content\plugins\astra-sites\inc\classes\class-astra-sites.php à la ligne 2691

2023-09-15T15:55:33+00:00 CRITICAL Uncaught ArgumentCountError: 11 arguments are required, 1 given in C:\wamp64\www\parisucré\wordpress\wp-content\plugins\astra-sites\inc\classes\class-astra-sites.php:2691
Stack trace:
#0 C:\wamp64\www\parisucré\wordpress\wp-content\plugins\astra-sites\inc\classes\class-astra-sites.php(2691): sprintf('<div class="not...')
#1 C:\wamp64\www\parisucré\wordpress\wp-includes\class-wp-hook.php(310): Astra_Sites->admin_welcome_notices('')
#2 C:\wamp64\www\parisucré\wordpress\wp-includes\class-wp-hook.php(334): WP_Hook->apply_filters(NULL, Array)
#3 C:\wamp64\www\parisucré\wordpress\wp-includes\plugin.php(517): WP_Hook->do_action(Array)
#4 C:\wamp64\www\parisucré\wordpress\wp-admin\admin-header.php(303): do_action('admin_notices')
#5 C:\wamp64\www\parisucré\wordpress\wp-admin\index.php(137): require_once('C:\\wamp64\\www\\p...')
#6 {main}
  thrown dans C:\wamp64\www\parisucré\wordpress\wp-content\plugins\astra-sites\inc\classes\class-astra-sites.php à la ligne 2691

